<?xml version="1.0" encoding="UTF-8"?>
<!-- Generated by org.testng.reporters.JUnitXMLReporter -->
<testsuite ignored="0" hostname="DESKTOP-FEV99MM" failures="3" tests="22" name="Chrome Test" time="490.938" errors="0" timestamp="2023-06-01T19:56:00 PKT">
  <testcase classname="testcases.Logintest" name="validEmailAndValidPassword" time="14.835"/>
  <testcase classname="testcases.Logintest" name="validEmailAndInvalidPassword" time="12.824"/>
  <testcase classname="testcases.Logintest" name="invalidEmailValidPassword" time="8.212"/>
  <testcase classname="testcases.Logintest" name="invalidEmailAndInvalidPassword" time="8.859"/>
  <testcase classname="testcases.Logintest" name="onlyValidEmail" time="10.527"/>
  <testcase classname="testcases.Logintest" name="onlyValidPassword" time="9.893"/>
  <testcase classname="testcases.Logintest" name="onlyInvalidAbnormalEmail" time="17.564">
    <failure type="org.openqa.selenium.NoSuchElementException" message="no such element: Unable to locate element: {&amp;quot;method&amp;quot;:&amp;quot;xpath&amp;quot;,&amp;quot;selector&amp;quot;:&amp;quot;//p[contains(text(),&amp;apos;Please enter valid email&amp;apos;)]&amp;quot;}
  (Session info: chrome=113.0.5672.127)
For documentation on this error, please visit: https://selenium.dev/exceptions/#no_such_element
Build info: version: &amp;apos;4.9.0&amp;apos;, revision: &amp;apos;d7057100a6&amp;apos;
System info: os.name: &amp;apos;Windows 10&amp;apos;, os.arch: &amp;apos;amd64&amp;apos;, os.version: &amp;apos;10.0&amp;apos;, java.version: &amp;apos;19.0.2&amp;apos;
Driver info: org.openqa.selenium.chrome.ChromeDriver
Command: [326ceeaebd34444a960b1b88568f65e4, findElement {using=xpath, value=//p[contains(text(),&amp;apos;Please enter valid email&amp;apos;)]}]
Capabilities {acceptInsecureCerts: false, browserName: chrome, browserVersion: 113.0.5672.127, chrome: {chromedriverVersion: 113.0.5672.63 (0e1a4471d5ae..., userDataDir: C:\Users\DELL\AppData\Local...}, goog:chromeOptions: {debuggerAddress: localhost:58740}, networkConnectionEnabled: false, pageLoadStrategy: normal, platformName: WINDOWS, proxy: Proxy(), se:cdp: ws://localhost:58740/devtoo..., se:cdpVersion: 113.0.5672.127, setWindowRect: true, strictFileInteractability: false, timeouts: {implicit: 0, pageLoad: 300000, script: 30000}, unhandledPromptBehavior: dismiss and notify, webauthn:extension:credBlob: true, webauthn:extension:largeBlob: true, webauthn:extension:minPinLength: true, webauthn:extension:prf: true, webauthn:virtualAuthenticators: true}
Session ID: 326ceeaebd34444a960b1b88568f65e4">
      <![CDATA[org.openqa.selenium.NoSuchElementException: no such element: Unable to locate element: {"method":"xpath","selector":"//p[contains(text(),'Please enter valid email')]"}
  (Session info: chrome=113.0.5672.127)
For documentation on this error, please visit: https://selenium.dev/exceptions/#no_such_element
Build info: version: '4.9.0', revision: 'd7057100a6'
System info: os.name: 'Windows 10', os.arch: 'amd64', os.version: '10.0', java.version: '19.0.2'
Driver info: org.openqa.selenium.chrome.ChromeDriver
Command: [326ceeaebd34444a960b1b88568f65e4, findElement {using=xpath, value=//p[contains(text(),'Please enter valid email')]}]
Capabilities {acceptInsecureCerts: false, browserName: chrome, browserVersion: 113.0.5672.127, chrome: {chromedriverVersion: 113.0.5672.63 (0e1a4471d5ae..., userDataDir: C:\Users\DELL\AppData\Local...}, goog:chromeOptions: {debuggerAddress: localhost:58740}, networkConnectionEnabled: false, pageLoadStrategy: normal, platformName: WINDOWS, proxy: Proxy(), se:cdp: ws://localhost:58740/devtoo..., se:cdpVersion: 113.0.5672.127, setWindowRect: true, strictFileInteractability: false, timeouts: {implicit: 0, pageLoad: 300000, script: 30000}, unhandledPromptBehavior: dismiss and notify, webauthn:extension:credBlob: true, webauthn:extension:largeBlob: true, webauthn:extension:minPinLength: true, webauthn:extension:prf: true, webauthn:virtualAuthenticators: true}
Session ID: 326ceeaebd34444a960b1b88568f65e4
at org.openqa.selenium.remote.codec.w3c.W3CHttpResponseCodec.createException(W3CHttpResponseCodec.java:200)
at org.openqa.selenium.remote.codec.w3c.W3CHttpResponseCodec.decode(W3CHttpResponseCodec.java:133)
at org.openqa.selenium.remote.codec.w3c.W3CHttpResponseCodec.decode(W3CHttpResponseCodec.java:53)
at org.openqa.selenium.remote.HttpCommandExecutor.execute(HttpCommandExecutor.java:193)
at org.openqa.selenium.remote.service.DriverCommandExecutor.invokeExecute(DriverCommandExecutor.java:183)
at org.openqa.selenium.remote.service.DriverCommandExecutor.execute(DriverCommandExecutor.java:158)
at org.openqa.selenium.remote.RemoteWebDriver.execute(RemoteWebDriver.java:543)
at org.openqa.selenium.remote.ElementLocation$ElementFinder$2.findElement(ElementLocation.java:162)
at org.openqa.selenium.remote.ElementLocation.findElement(ElementLocation.java:60)
at org.openqa.selenium.remote.RemoteWebDriver.findElement(RemoteWebDriver.java:352)
at org.openqa.selenium.remote.RemoteWebDriver.findElement(RemoteWebDriver.java:344)
at org.openqa.selenium.support.pagefactory.DefaultElementLocator.findElement(DefaultElementLocator.java:70)
at org.openqa.selenium.support.pagefactory.internal.LocatingElementHandler.invoke(LocatingElementHandler.java:39)
at jdk.proxy2/jdk.proxy2.$Proxy20.isDisplayed(Unknown Source)
at webpages.LoginPage.enterValidEmail(LoginPage.java:93)
at testcases.Logintest.onlyInvalidAbnormalEmail(Logintest.java:93)
at java.base/java.util.ArrayList.forEach(ArrayList.java:1511)
at java.base/java.util.concurrent.FutureTask.run(FutureTask.java:317)
at java.base/java.util.concurrent.ThreadPoolExecutor.runWorker(ThreadPoolExecutor.java:1144)
at java.base/java.util.concurrent.ThreadPoolExecutor$Worker.run(ThreadPoolExecutor.java:642)
at java.base/java.lang.Thread.run(Thread.java:1589)
... Removed 18 stack frames]]>
    </failure>
  </testcase> <!-- onlyInvalidAbnormalEmail -->
  <testcase classname="testcases.Logintest" name="checkCrossEyeIcon" time="14.164"/>
  <testcase classname="testcases.Logintest" name="bothFieldsEmpty" time="5.379"/>
  <testcase classname="testcases.Logintest" name="signInButton" time="0.853">
    <failure type="java.lang.AssertionError" message="expected [false] but found [true]">
      <![CDATA[java.lang.AssertionError: expected [false] but found [true]
at testcases.Logintest.signInButton(Logintest.java:114)
at java.base/java.util.ArrayList.forEach(ArrayList.java:1511)
at java.base/java.util.concurrent.FutureTask.run(FutureTask.java:317)
at java.base/java.util.concurrent.ThreadPoolExecutor.runWorker(ThreadPoolExecutor.java:1144)
at java.base/java.util.concurrent.ThreadPoolExecutor$Worker.run(ThreadPoolExecutor.java:642)
at java.base/java.lang.Thread.run(Thread.java:1589)
... Removed 19 stack frames]]>
    </failure>
  </testcase> <!-- signInButton -->
  <testcase classname="testcases.Logintest" name="AbnormalEmailAndInvalidPassword" time="9.357"/>
  <testcase classname="testcases.Logintest" name="validCredentialsAndRefresh" time="13.038"/>
  <testcase classname="testcases.Logintest" name="validCredentialsAndMoveToNewTab" time="11.139"/>
  <testcase classname="testcases.Logintest" name="afterLoginAndLogoutGoBackVerifyTheLogoutSccessfull" time="25.245">
    <failure type="java.lang.AssertionError" message="null">
      <![CDATA[java.lang.AssertionError: null
at testcases.Logintest.afterLoginAndLogoutGoBackVerifyTheLogoutSccessfull(Logintest.java:159)
at java.base/java.util.ArrayList.forEach(ArrayList.java:1511)
at java.base/java.util.concurrent.FutureTask.run(FutureTask.java:317)
at java.base/java.util.concurrent.ThreadPoolExecutor.runWorker(ThreadPoolExecutor.java:1144)
at java.base/java.util.concurrent.ThreadPoolExecutor$Worker.run(ThreadPoolExecutor.java:642)
at java.base/java.lang.Thread.run(Thread.java:1589)
... Removed 17 stack frames]]>
    </failure>
  </testcase> <!-- afterLoginAndLogoutGoBackVerifyTheLogoutSccessfull -->
  <testcase classname="testcases.Logintest" name="verifyURLBeforeAndAfterLogin" time="3.331"/>
  <testcase classname="testcases.Logintest" name="verifyLoginWithValidCredentialsMultipleTimes" time="10.765"/>
  <testcase classname="testcases.Logintest" name="verifyLoginWithValidCredentialsMultipleTimes" time="8.597"/>
  <testcase classname="testcases.Logintest" name="verifyLoginWithValidCredentialsMultipleTimes" time="8.784"/>
  <testcase classname="testcases.Logintest" name="verifyLoginWithValidCredentialsMultipleTimes" time="7.687"/>
  <testcase classname="testcases.Logintest" name="verifyLoginWithValidCredentialsMultipleTimes" time="8.829"/>
  <testcase classname="testcases.Logintest" name="verifyLoginWithValidCredentialsMultipleTimes" time="9.891"/>
  <testcase classname="testcases.Logintest" name="loginWithValidCredentialsAndBackwardAndForward" time="12.915"/>
</testsuite> <!-- Chrome Test -->
