<?xml version="1.0" encoding="UTF-8"?>
<!-- Generated by org.testng.reporters.JUnitXMLReporter -->
<testsuite ignored="10" hostname="DESKTOP-FEV99MM" failures="3" tests="3" name="FireFox Test(failed)" time="64.103" errors="0" timestamp="2023-05-16T15:01:59 PKT">
  <testcase classname="testcases.Logintest" name="onlyInvalidAbnormalEmail" time="18.112">
    <failure type="org.openqa.selenium.NoSuchElementException" message="Unable to locate element: //p[contains(text(),&amp;apos;Please enter valid email&amp;apos;)]
For documentation on this error, please visit: https://selenium.dev/exceptions/#no_such_element
Build info: version: &amp;apos;4.9.0&amp;apos;, revision: &amp;apos;d7057100a6&amp;apos;
System info: os.name: &amp;apos;Windows 10&amp;apos;, os.arch: &amp;apos;amd64&amp;apos;, os.version: &amp;apos;10.0&amp;apos;, java.version: &amp;apos;19.0.2&amp;apos;
Driver info: org.openqa.selenium.firefox.FirefoxDriver
Command: [bc29b6f3-8fb8-4e17-a822-6ab127c5c5e1, findElement {using=xpath, value=//p[contains(text(),&amp;apos;Please enter valid email&amp;apos;)]}]
Capabilities {acceptInsecureCerts: true, browserName: firefox, browserVersion: 113.0.1, moz:accessibilityChecks: false, moz:buildID: 20230511191846, moz:debuggerAddress: 127.0.0.1:28816, moz:geckodriverVersion: 0.33.0, moz:headless: false, moz:platformVersion: 10.0, moz:processID: 14112, moz:profile: C:\Users\DELL\AppData\Local..., moz:shutdownTimeout: 60000, moz:useNonSpecCompliantPointerOrigin: false, moz:webdriverClick: true, moz:windowless: false, pageLoadStrategy: normal, platformName: WINDOWS, proxy: Proxy(), se:cdp: ws://127.0.0.1:28816/devtoo..., se:cdpVersion: 85.0, setWindowRect: true, strictFileInteractability: false, timeouts: {implicit: 0, pageLoad: 300000, script: 30000}, unhandledPromptBehavior: dismiss and notify}
Session ID: bc29b6f3-8fb8-4e17-a822-6ab127c5c5e1">
      <![CDATA[org.openqa.selenium.NoSuchElementException: Unable to locate element: //p[contains(text(),'Please enter valid email')]
For documentation on this error, please visit: https://selenium.dev/exceptions/#no_such_element
Build info: version: '4.9.0', revision: 'd7057100a6'
System info: os.name: 'Windows 10', os.arch: 'amd64', os.version: '10.0', java.version: '19.0.2'
Driver info: org.openqa.selenium.firefox.FirefoxDriver
Command: [bc29b6f3-8fb8-4e17-a822-6ab127c5c5e1, findElement {using=xpath, value=//p[contains(text(),'Please enter valid email')]}]
Capabilities {acceptInsecureCerts: true, browserName: firefox, browserVersion: 113.0.1, moz:accessibilityChecks: false, moz:buildID: 20230511191846, moz:debuggerAddress: 127.0.0.1:28816, moz:geckodriverVersion: 0.33.0, moz:headless: false, moz:platformVersion: 10.0, moz:processID: 14112, moz:profile: C:\Users\DELL\AppData\Local..., moz:shutdownTimeout: 60000, moz:useNonSpecCompliantPointerOrigin: false, moz:webdriverClick: true, moz:windowless: false, pageLoadStrategy: normal, platformName: WINDOWS, proxy: Proxy(), se:cdp: ws://127.0.0.1:28816/devtoo..., se:cdpVersion: 85.0, setWindowRect: true, strictFileInteractability: false, timeouts: {implicit: 0, pageLoad: 300000, script: 30000}, unhandledPromptBehavior: dismiss and notify}
Session ID: bc29b6f3-8fb8-4e17-a822-6ab127c5c5e1
at org.openqa.selenium.remote.codec.w3c.W3CHttpResponseCodec.createException(W3CHttpResponseCodec.java:200)
at org.openqa.selenium.remote.codec.w3c.W3CHttpResponseCodec.decode(W3CHttpResponseCodec.java:133)
at org.openqa.selenium.remote.codec.w3c.W3CHttpResponseCodec.decode(W3CHttpResponseCodec.java:53)
at org.openqa.selenium.remote.HttpCommandExecutor.execute(HttpCommandExecutor.java:193)
at org.openqa.selenium.remote.service.DriverCommandExecutor.invokeExecute(DriverCommandExecutor.java:183)
at org.openqa.selenium.remote.service.DriverCommandExecutor.execute(DriverCommandExecutor.java:158)
at org.openqa.selenium.remote.RemoteWebDriver.execute(RemoteWebDriver.java:543)
at org.openqa.selenium.remote.ElementLocation$ElementFinder$2.findElement(ElementLocation.java:162)
at org.openqa.selenium.remote.ElementLocation.findElement(ElementLocation.java:60)
at org.openqa.selenium.remote.RemoteWebDriver.findElement(RemoteWebDriver.java:352)
at org.openqa.selenium.remote.RemoteWebDriver.findElement(RemoteWebDriver.java:344)
at org.openqa.selenium.support.pagefactory.DefaultElementLocator.findElement(DefaultElementLocator.java:70)
at org.openqa.selenium.support.pagefactory.internal.LocatingElementHandler.invoke(LocatingElementHandler.java:39)
at jdk.proxy2/jdk.proxy2.$Proxy20.isDisplayed(Unknown Source)
at webpages.LoginPage.enterValidEmail(LoginPage.java:93)
at testcases.Logintest.onlyInvalidAbnormalEmail(Logintest.java:94)
at java.base/java.util.ArrayList.forEach(ArrayList.java:1511)
at java.base/java.util.concurrent.FutureTask.run(FutureTask.java:317)
at java.base/java.util.concurrent.ThreadPoolExecutor.runWorker(ThreadPoolExecutor.java:1144)
at java.base/java.util.concurrent.ThreadPoolExecutor$Worker.run(ThreadPoolExecutor.java:642)
at java.base/java.lang.Thread.run(Thread.java:1589)
... Removed 18 stack frames]]>
    </failure>
  </testcase> <!-- onlyInvalidAbnormalEmail -->
  <testcase classname="testcases.Logintest" name="checkCrossEyeIcon" time="1.282">
    <failure type="org.openqa.selenium.ElementNotInteractableException" message="Element &amp;lt;img class=&amp;quot;w-4&amp;quot; src=&amp;quot;images/PasswordCrossEye.svg&amp;quot;&amp;gt; could not be scrolled into view
Build info: version: &amp;apos;4.9.0&amp;apos;, revision: &amp;apos;d7057100a6&amp;apos;
System info: os.name: &amp;apos;Windows 10&amp;apos;, os.arch: &amp;apos;amd64&amp;apos;, os.version: &amp;apos;10.0&amp;apos;, java.version: &amp;apos;19.0.2&amp;apos;
Driver info: org.openqa.selenium.firefox.FirefoxDriver
Command: [975dda6b-b35e-4795-abfa-370d35b28de3, clickElement {id=8f689fa9-a297-4650-9330-9fbffecf3e7b}]
Capabilities {acceptInsecureCerts: true, browserName: firefox, browserVersion: 113.0.1, moz:accessibilityChecks: false, moz:buildID: 20230511191846, moz:debuggerAddress: 127.0.0.1:2336, moz:geckodriverVersion: 0.33.0, moz:headless: false, moz:platformVersion: 10.0, moz:processID: 2408, moz:profile: C:\Users\DELL\AppData\Local..., moz:shutdownTimeout: 60000, moz:useNonSpecCompliantPointerOrigin: false, moz:webdriverClick: true, moz:windowless: false, pageLoadStrategy: normal, platformName: WINDOWS, proxy: Proxy(), se:cdp: ws://127.0.0.1:2336/devtool..., se:cdpVersion: 85.0, setWindowRect: true, strictFileInteractability: false, timeouts: {implicit: 0, pageLoad: 300000, script: 30000}, unhandledPromptBehavior: dismiss and notify}
Element: [[FirefoxDriver: firefox on WINDOWS (975dda6b-b35e-4795-abfa-370d35b28de3)] -&amp;gt; xpath: //img[@src=&amp;apos;images/PasswordCrossEye.svg&amp;apos;]]
Session ID: 975dda6b-b35e-4795-abfa-370d35b28de3">
      <![CDATA[org.openqa.selenium.ElementNotInteractableException: Element <img class="w-4" src="images/PasswordCrossEye.svg"> could not be scrolled into view
Build info: version: '4.9.0', revision: 'd7057100a6'
System info: os.name: 'Windows 10', os.arch: 'amd64', os.version: '10.0', java.version: '19.0.2'
Driver info: org.openqa.selenium.firefox.FirefoxDriver
Command: [975dda6b-b35e-4795-abfa-370d35b28de3, clickElement {id=8f689fa9-a297-4650-9330-9fbffecf3e7b}]
Capabilities {acceptInsecureCerts: true, browserName: firefox, browserVersion: 113.0.1, moz:accessibilityChecks: false, moz:buildID: 20230511191846, moz:debuggerAddress: 127.0.0.1:2336, moz:geckodriverVersion: 0.33.0, moz:headless: false, moz:platformVersion: 10.0, moz:processID: 2408, moz:profile: C:\Users\DELL\AppData\Local..., moz:shutdownTimeout: 60000, moz:useNonSpecCompliantPointerOrigin: false, moz:webdriverClick: true, moz:windowless: false, pageLoadStrategy: normal, platformName: WINDOWS, proxy: Proxy(), se:cdp: ws://127.0.0.1:2336/devtool..., se:cdpVersion: 85.0, setWindowRect: true, strictFileInteractability: false, timeouts: {implicit: 0, pageLoad: 300000, script: 30000}, unhandledPromptBehavior: dismiss and notify}
Element: [[FirefoxDriver: firefox on WINDOWS (975dda6b-b35e-4795-abfa-370d35b28de3)] -> xpath: //img[@src='images/PasswordCrossEye.svg']]
Session ID: 975dda6b-b35e-4795-abfa-370d35b28de3
at org.openqa.selenium.remote.codec.w3c.W3CHttpResponseCodec.createException(W3CHttpResponseCodec.java:200)
at org.openqa.selenium.remote.codec.w3c.W3CHttpResponseCodec.decode(W3CHttpResponseCodec.java:133)
at org.openqa.selenium.remote.codec.w3c.W3CHttpResponseCodec.decode(W3CHttpResponseCodec.java:53)
at org.openqa.selenium.remote.HttpCommandExecutor.execute(HttpCommandExecutor.java:193)
at org.openqa.selenium.remote.service.DriverCommandExecutor.invokeExecute(DriverCommandExecutor.java:183)
at org.openqa.selenium.remote.service.DriverCommandExecutor.execute(DriverCommandExecutor.java:158)
at org.openqa.selenium.remote.RemoteWebDriver.execute(RemoteWebDriver.java:543)
at org.openqa.selenium.remote.RemoteWebElement.execute(RemoteWebElement.java:257)
at org.openqa.selenium.remote.RemoteWebElement.click(RemoteWebElement.java:78)
at org.openqa.selenium.support.pagefactory.internal.LocatingElementHandler.invoke(LocatingElementHandler.java:52)
at jdk.proxy2/jdk.proxy2.$Proxy20.click(Unknown Source)
at webpages.LoginPage.crossEyeIcon(LoginPage.java:98)
at testcases.Logintest.checkCrossEyeIcon(Logintest.java:100)
at java.base/java.util.ArrayList.forEach(ArrayList.java:1511)
at java.base/java.util.concurrent.FutureTask.run(FutureTask.java:317)
at java.base/java.util.concurrent.ThreadPoolExecutor.runWorker(ThreadPoolExecutor.java:1144)
at java.base/java.util.concurrent.ThreadPoolExecutor$Worker.run(ThreadPoolExecutor.java:642)
at java.base/java.lang.Thread.run(Thread.java:1589)
... Removed 20 stack frames]]>
    </failure>
  </testcase> <!-- checkCrossEyeIcon -->
  <testcase classname="testcases.Logintest" name="signInButton" time="1.405">
    <failure type="java.lang.AssertionError" message="expected [false] but found [true]">
      <![CDATA[java.lang.AssertionError: expected [false] but found [true]
at testcases.Logintest.signInButton(Logintest.java:115)
at java.base/java.util.ArrayList.forEach(ArrayList.java:1511)
at java.base/java.util.concurrent.FutureTask.run(FutureTask.java:317)
at java.base/java.util.concurrent.ThreadPoolExecutor.runWorker(ThreadPoolExecutor.java:1144)
at java.base/java.util.concurrent.ThreadPoolExecutor$Worker.run(ThreadPoolExecutor.java:642)
at java.base/java.lang.Thread.run(Thread.java:1589)
... Removed 19 stack frames]]>
    </failure>
  </testcase> <!-- signInButton -->
  <testcase classname="testcases.Logintest" name="validEmailAndValidPassword" time="0.0">
    <ignored/>
  </testcase> <!-- validEmailAndValidPassword -->
  <testcase classname="testcases.Logintest" name="validCredentialsAndMoveToNewTab" time="0.0">
    <ignored/>
  </testcase> <!-- validCredentialsAndMoveToNewTab -->
  <testcase classname="testcases.Logintest" name="bothFieldsEmpty" time="0.0">
    <ignored/>
  </testcase> <!-- bothFieldsEmpty -->
  <testcase classname="testcases.Logintest" name="invalidEmailValidPassword" time="0.0">
    <ignored/>
  </testcase> <!-- invalidEmailValidPassword -->
  <testcase classname="testcases.Logintest" name="AbnormalEmailAndInvalidPassword" time="0.0">
    <ignored/>
  </testcase> <!-- AbnormalEmailAndInvalidPassword -->
  <testcase classname="testcases.Logintest" name="validEmailAndInvalidPassword" time="0.0">
    <ignored/>
  </testcase> <!-- validEmailAndInvalidPassword -->
  <testcase classname="testcases.Logintest" name="onlyValidEmail" time="0.0">
    <ignored/>
  </testcase> <!-- onlyValidEmail -->
  <testcase classname="testcases.Logintest" name="validCredentialsAndRefresh" time="0.0">
    <ignored/>
  </testcase> <!-- validCredentialsAndRefresh -->
  <testcase classname="testcases.Logintest" name="onlyValidPassword" time="0.0">
    <ignored/>
  </testcase> <!-- onlyValidPassword -->
  <testcase classname="testcases.Logintest" name="invalidEmailAndInvalidPassword" time="0.0">
    <ignored/>
  </testcase> <!-- invalidEmailAndInvalidPassword -->
</testsuite> <!-- FireFox Test(failed) -->
